Execute pipeline with following supplementary args: --smtpPort 25 --listenerMode NOOP --launcherMode FAULT_LOCALIZATION  --gitrepourl https://github.com/tabulapdf/tabula-java --gitrepopullrequest 455
java -cp /usr/local/openjdk-11/lib/tools.jar:repairnator-pipeline.jar -Dlogback.configurationFile=/root/logback.xml fr.inria.spirals.repairnator.pipeline.Launcher -d --runId null -o /var/log --ghOauth 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 --faultLocalization --flacocoThreshold 0.0 --flacocoTopK null --flacocoResultsRepository flacocobot/flacocobot-experiment-3 --ghOauth  --smtpPort 25 --listenerMode NOOP --launcherMode FAULT_LOCALIZATION  --gitrepourl https://github.com/tabulapdf/tabula-java --gitrepopullrequest 455

02:11:45.853 [main] INFO  f.i.s.r.p.g.GithubInitSerializerEngines - Initialize file serializer engines.
02:11:45.855 [main] INFO  f.i.s.r.p.g.GithubInitSerializerEngines - MongoDB won't be used for serialization.
02:11:45.856 [main] INFO  f.i.s.r.p.github.GithubInitNotifiers - The email notifier engine won't be used.
02:11:45.874 [main] INFO  f.i.s.r.p.i.ProjectInspector - ----------------------------------------------------------------------
02:11:45.927 [main] INFO  f.i.s.r.p.i.ProjectInspector - PIPELINE STEPS
02:11:45.928 [main] INFO  f.i.s.r.p.i.ProjectInspector - ----------------------------------------------------------------------
02:11:45.928 [main] INFO  f.i.s.r.p.i.ProjectInspector - CloneCheckoutGitPullRequest
02:11:45.929 [main] INFO  f.i.s.r.p.i.ProjectInspector - BuildProject
02:11:45.930 [main] INFO  f.i.s.r.p.i.ProjectInspector - TestProject
02:11:45.930 [main] INFO  f.i.s.r.p.i.ProjectInspector - ComputeClasspath
02:11:45.930 [main] INFO  f.i.s.r.p.i.ProjectInspector - ComputeSourceDir
02:11:45.931 [main] INFO  f.i.s.r.p.i.ProjectInspector - ComputeTestDir
02:11:45.931 [main] INFO  f.i.s.r.p.i.ProjectInspector - GatherTestInformation
02:11:45.931 [main] INFO  f.i.s.r.p.i.ProjectInspector - FlacocoLocalization
02:11:45.932 [main] INFO  f.i.s.r.p.i.ProjectInspector - PushFaultLocalizationSuggestionsOnExternalRepository
02:11:45.932 [main] INFO  f.i.s.r.p.s.CloneCheckoutGitPullRequest - Cloning repository https://github.com/tabulapdf/tabula-java.git in the following directory: ./workspace/tabulapdf-tabula-java-master-455_repo
02:14:41.660 [Thread-7] ERROR f.i.s.r.p.m.o.MavenFilterOutputHandler - [ERROR] Tests run: 67, Failures: 2, Errors: 0, Skipped: 0, Time elapsed: 106.628 s <<< FAILURE! - in technology.tabula.TestTableDetection
02:14:41.662 [Thread-7] ERROR f.i.s.r.p.m.o.MavenFilterOutputHandler - [ERROR] testDetectionOfTables[22](technology.tabula.TestTableDetection)  Time elapsed: 1.499 s  <<< FAILURE!
02:14:41.666 [Thread-7] ERROR f.i.s.r.p.m.o.MavenFilterOutputHandler - [ERROR] testDetectionOfTables[62](technology.tabula.TestTableDetection)  Time elapsed: 0.359 s  <<< FAILURE!
02:14:41.909 [Thread-8] ERROR f.i.s.r.p.m.output.MavenErrorHandler - Dec 06, 2021 2:14:41 AM org.apache.pdfbox.pdmodel.font.PDTrueTypeFont <init>
02:14:41.910 [Thread-8] ERROR f.i.s.r.p.m.output.MavenErrorHandler - WARNING: Using fallback font 'LiberationSans' for 'Arial'
02:14:42.162 [Thread-8] ERROR f.i.s.r.p.m.output.MavenErrorHandler - Dec 06, 2021 2:14:42 AM org.apache.pdfbox.pdmodel.font.PDTrueTypeFont <init>
02:14:42.163 [Thread-8] ERROR f.i.s.r.p.m.output.MavenErrorHandler - WARNING: Using fallback font 'LiberationSans' for 'Arial'
02:14:42.569 [Thread-8] ERROR f.i.s.r.p.m.output.MavenErrorHandler - Dec 06, 2021 2:14:42 AM org.apache.pdfbox.pdmodel.font.PDTrueTypeFont <init>
02:14:42.569 [Thread-8] ERROR f.i.s.r.p.m.output.MavenErrorHandler - WARNING: Using fallback font 'LiberationSans' for 'Arial'
02:14:43.991 [Thread-8] ERROR f.i.s.r.p.m.output.MavenErrorHandler - Dec 06, 2021 2:14:43 AM org.apache.pdfbox.pdmodel.font.PDTrueTypeFont <init>
02:14:43.991 [Thread-8] ERROR f.i.s.r.p.m.output.MavenErrorHandler - WARNING: Using fallback font 'LiberationSans' for 'Arial'
02:14:43.992 [Thread-8] ERROR f.i.s.r.p.m.output.MavenErrorHandler - Dec 06, 2021 2:14:43 AM org.apache.pdfbox.pdmodel.font.PDTrueTypeFont <init>
02:14:43.992 [Thread-8] ERROR f.i.s.r.p.m.output.MavenErrorHandler - WARNING: Using fallback font 'LiberationSans' for 'Arial,Bold'
02:14:43.992 [Thread-8] ERROR f.i.s.r.p.m.output.MavenErrorHandler - Dec 06, 2021 2:14:43 AM org.apache.pdfbox.pdmodel.font.PDTrueTypeFont <init>
02:14:43.992 [Thread-8] ERROR f.i.s.r.p.m.output.MavenErrorHandler - WARNING: Using fallback font 'LiberationSans' for 'Arial,Italic'
02:14:44.014 [Thread-8] ERROR f.i.s.r.p.m.output.MavenErrorHandler - Dec 06, 2021 2:14:44 AM org.apache.pdfbox.pdmodel.font.PDTrueTypeFont <init>
02:14:44.015 [Thread-8] ERROR f.i.s.r.p.m.output.MavenErrorHandler - WARNING: Using fallback font 'LiberationSans' for 'TimesNewRoman'
02:14:44.218 [Thread-8] ERROR f.i.s.r.p.m.output.MavenErrorHandler - Dec 06, 2021 2:14:44 AM org.apache.pdfbox.pdmodel.graphics.color.PDICCBased ensureDisplayProfile
02:14:44.220 [Thread-8] ERROR f.i.s.r.p.m.output.MavenErrorHandler - WARNING: ICC profile is Perceptual, ignoring, treating as Display class
02:14:44.350 [Thread-8] ERROR f.i.s.r.p.m.output.MavenErrorHandler - Dec 06, 2021 2:14:44 AM org.apache.pdfbox.pdmodel.font.PDTrueTypeFont <init>
02:14:44.351 [Thread-8] ERROR f.i.s.r.p.m.output.MavenErrorHandler - WARNING: Using fallback font 'LiberationSans' for 'Arial-BoldMT'
02:14:44.354 [Thread-8] ERROR f.i.s.r.p.m.output.MavenErrorHandler - Dec 06, 2021 2:14:44 AM org.apache.pdfbox.pdmodel.font.PDTrueTypeFont <init>
02:14:44.355 [Thread-8] ERROR f.i.s.r.p.m.output.MavenErrorHandler - WARNING: Using fallback font 'LiberationSans' for 'Tahoma-Bold'
02:14:44.356 [Thread-8] ERROR f.i.s.r.p.m.output.MavenErrorHandler - Dec 06, 2021 2:14:44 AM org.apache.pdfbox.pdmodel.font.PDTrueTypeFont <init>
02:14:44.357 [Thread-8] ERROR f.i.s.r.p.m.output.MavenErrorHandler - WARNING: Using fallback font 'LiberationSans' for 'ArialMT'
02:14:44.358 [Thread-8] ERROR f.i.s.r.p.m.output.MavenErrorHandler - Dec 06, 2021 2:14:44 AM org.apache.pdfbox.pdmodel.font.PDTrueTypeFont <init>
02:14:44.358 [Thread-8] ERROR f.i.s.r.p.m.output.MavenErrorHandler - WARNING: Using fallback font 'LiberationSans' for 'Tahoma'
02:14:44.465 [Thread-8] ERROR f.i.s.r.p.m.output.MavenErrorHandler - Dec 06, 2021 2:14:44 AM org.apache.pdfbox.pdmodel.font.PDTrueTypeFont <init>
02:14:44.466 [Thread-8] ERROR f.i.s.r.p.m.output.MavenErrorHandler - WARNING: Using fallback font 'LiberationSans' for 'TimesNewRomanPS-BoldItalicMT'
02:14:44.467 [Thread-8] ERROR f.i.s.r.p.m.output.MavenErrorHandler - Dec 06, 2021 2:14:44 AM org.apache.pdfbox.pdmodel.font.PDTrueTypeFont <init>
02:14:44.470 [Thread-8] ERROR f.i.s.r.p.m.output.MavenErrorHandler - WARNING: Using fallback font 'LiberationSans' for 'ArialNarrow-Bold'
02:14:44.476 [Thread-8] ERROR f.i.s.r.p.m.output.MavenErrorHandler - Dec 06, 2021 2:14:44 AM org.apache.pdfbox.pdmodel.font.PDTrueTypeFont <init>
02:14:44.476 [Thread-8] ERROR f.i.s.r.p.m.output.MavenErrorHandler - WARNING: Using fallback font 'LiberationSans' for 'Arial-ItalicMT'
02:14:44.825 [Thread-8] ERROR f.i.s.r.p.m.output.MavenErrorHandler - Dec 06, 2021 2:14:44 AM org.apache.pdfbox.pdmodel.font.PDTrueTypeFont <init>
02:14:44.826 [Thread-8] ERROR f.i.s.r.p.m.output.MavenErrorHandler - WARNING: Using fallback font 'LiberationSans' for 'ArialMT'
02:14:44.893 [Thread-8] ERROR f.i.s.r.p.m.output.MavenErrorHandler - Dec 06, 2021 2:14:44 AM org.apache.pdfbox.pdmodel.font.PDTrueTypeFont <init>
02:14:44.893 [Thread-8] ERROR f.i.s.r.p.m.output.MavenErrorHandler - WARNING: Using fallback font 'LiberationSans' for 'Arial-BoldMT'
02:14:44.894 [Thread-8] ERROR f.i.s.r.p.m.output.MavenErrorHandler - Dec 06, 2021 2:14:44 AM org.apache.pdfbox.pdmodel.font.PDTrueTypeFont <init>
02:14:44.894 [Thread-8] ERROR f.i.s.r.p.m.output.MavenErrorHandler - WARNING: Using fallback font 'LiberationSans' for 'Tahoma'
02:14:45.063 [Thread-8] ERROR f.i.s.r.p.m.output.MavenErrorHandler - Dec 06, 2021 2:14:45 AM org.apache.pdfbox.pdmodel.font.PDFont loadUnicodeCmap
02:14:45.064 [Thread-8] ERROR f.i.s.r.p.m.output.MavenErrorHandler - WARNING: Invalid ToUnicode CMap in font GYAOBI+TimesNewRomanPSMT
02:14:45.065 [Thread-8] ERROR f.i.s.r.p.m.output.MavenErrorHandler - Dec 06, 2021 2:14:45 AM org.apache.pdfbox.pdmodel.font.PDFont loadUnicodeCmap
02:14:45.065 [Thread-8] ERROR f.i.s.r.p.m.output.MavenErrorHandler - WARNING: Using predefined identity CMap instead
02:14:45.542 [Thread-8] ERROR f.i.s.r.p.m.output.MavenErrorHandler - Dec 06, 2021 2:14:45 AM org.apache.pdfbox.cos.COSDocument finalize
02:14:45.542 [Thread-8] ERROR f.i.s.r.p.m.output.MavenErrorHandler - WARNING: Warning: You did not close a PDF Document
02:14:46.382 [Thread-8] ERROR f.i.s.r.p.m.output.MavenErrorHandler - Dec 06, 2021 2:14:46 AM org.apache.pdfbox.pdmodel.font.PDType1Font <init>
02:14:46.383 [Thread-8] ERROR f.i.s.r.p.m.output.MavenErrorHandler - WARNING: Using fallback font LiberationSans for Times-Bold
02:14:46.383 [Thread-8] ERROR f.i.s.r.p.m.output.MavenErrorHandler - Dec 06, 2021 2:14:46 AM org.apache.pdfbox.pdmodel.font.PDType1Font <init>
02:14:46.384 [Thread-8] ERROR f.i.s.r.p.m.output.MavenErrorHandler - WARNING: Using fallback font LiberationSans for Times-Roman
02:14:46.596 [Thread-8] ERROR f.i.s.r.p.m.output.MavenErrorHandler - Dec 06, 2021 2:14:46 AM org.apache.pdfbox.pdmodel.font.PDTrueTypeFont <init>
02:14:46.597 [Thread-8] ERROR f.i.s.r.p.m.output.MavenErrorHandler - WARNING: Using fallback font 'LiberationSans' for 'Arial'
02:14:46.597 [Thread-8] ERROR f.i.s.r.p.m.output.MavenErrorHandler - Dec 06, 2021 2:14:46 AM org.apache.pdfbox.pdmodel.font.PDTrueTypeFont <init>
02:14:46.597 [Thread-8] ERROR f.i.s.r.p.m.output.MavenErrorHandler - WARNING: Using fallback font 'LiberationSans' for 'Arial,Bold'
02:14:46.999 [Thread-8] ERROR f.i.s.r.p.m.output.MavenErrorHandler - Dec 06, 2021 2:14:46 AM org.apache.pdfbox.pdmodel.font.PDType1Font <init>
02:14:47.001 [Thread-8] ERROR f.i.s.r.p.m.output.MavenErrorHandler - WARNING: Using fallback font LiberationSans for Courier
02:14:47.004 [Thread-8] ERROR f.i.s.r.p.m.output.MavenErrorHandler - Dec 06, 2021 2:14:46 AM org.apache.pdfbox.pdmodel.font.PDType1Font <init>
02:14:47.005 [Thread-8] ERROR f.i.s.r.p.m.output.MavenErrorHandler - WARNING: Using fallback font LiberationSans for Times-Bold
02:14:47.005 [Thread-8] ERROR f.i.s.r.p.m.output.MavenErrorHandler - Dec 06, 2021 2:14:46 AM org.apache.pdfbox.pdmodel.font.PDType1Font <init>
02:14:47.005 [Thread-8] ERROR f.i.s.r.p.m.output.MavenErrorHandler - WARNING: Using fallback font LiberationSans for Times-Roman
02:14:47.011 [Thread-8] ERROR f.i.s.r.p.m.output.MavenErrorHandler - Dec 06, 2021 2:14:46 AM org.apache.pdfbox.pdmodel.font.PDTrueTypeFont <init>
02:14:47.011 [Thread-8] ERROR f.i.s.r.p.m.output.MavenErrorHandler - WARNING: Using fallback font 'LiberationSans' for 'LetterGothic12Pt-Bold'
02:14:47.011 [Thread-8] ERROR f.i.s.r.p.m.output.MavenErrorHandler - Dec 06, 2021 2:14:46 AM org.apache.pdfbox.pdmodel.font.PDTrueTypeFont <init>
02:14:47.011 [Thread-8] ERROR f.i.s.r.p.m.output.MavenErrorHandler - WARNING: Using fallback font 'LiberationSans' for 'LetterGothic12Pt'
02:14:47.415 [Thread-8] ERROR f.i.s.r.p.m.output.MavenErrorHandler - Dec 06, 2021 2:14:47 AM org.apache.pdfbox.pdmodel.font.PDTrueTypeFont <init>
02:14:47.415 [Thread-8] ERROR f.i.s.r.p.m.output.MavenErrorHandler - WARNING: Using fallback font 'LiberationSans' for 'CenturyGothic'
02:14:47.417 [Thread-8] ERROR f.i.s.r.p.m.output.MavenErrorHandler - Dec 06, 2021 2:14:47 AM org.apache.pdfbox.pdmodel.font.PDTrueTypeFont <init>
02:14:47.417 [Thread-8] ERROR f.i.s.r.p.m.output.MavenErrorHandler - WARNING: Using fallback font 'LiberationSans' for 'CenturyGothic-Bold'
02:14:47.418 [Thread-8] ERROR f.i.s.r.p.m.output.MavenErrorHandler - Dec 06, 2021 2:14:47 AM org.apache.pdfbox.pdmodel.font.PDTrueTypeFont <init>
02:14:47.418 [Thread-8] ERROR f.i.s.r.p.m.output.MavenErrorHandler - WARNING: Using fallback font 'LiberationSans' for 'Arial-BoldMT'
02:14:47.420 [Thread-8] ERROR f.i.s.r.p.m.output.MavenErrorHandler - Dec 06, 2021 2:14:47 AM org.apache.pdfbox.pdmodel.font.PDTrueTypeFont <init>
02:14:47.420 [Thread-8] ERROR f.i.s.r.p.m.output.MavenErrorHandler - WARNING: Using fallback font 'LiberationSans' for 'CourierNewPSMT'
02:14:47.421 [Thread-8] ERROR f.i.s.r.p.m.output.MavenErrorHandler - Dec 06, 2021 2:14:47 AM org.apache.pdfbox.pdmodel.font.PDTrueTypeFont <init>
02:14:47.422 [Thread-8] ERROR f.i.s.r.p.m.output.MavenErrorHandler - WARNING: Using fallback font 'LiberationSans' for 'ArialMT'
02:14:47.423 [Thread-8] ERROR f.i.s.r.p.m.output.MavenErrorHandler - Dec 06, 2021 2:14:47 AM org.apache.pdfbox.pdmodel.font.PDTrueTypeFont <init>
02:14:47.424 [Thread-8] ERROR f.i.s.r.p.m.output.MavenErrorHandler - WARNING: Using fallback font 'LiberationSans' for 'Verdana-Bold'
02:14:47.444 [Thread-8] ERROR f.i.s.r.p.m.output.MavenErrorHandler - Dec 06, 2021 2:14:47 AM org.apache.pdfbox.pdmodel.font.PDTrueTypeFont <init>
02:14:47.445 [Thread-8] ERROR f.i.s.r.p.m.output.MavenErrorHandler - WARNING: Using fallback font 'LiberationSans' for 'Arial-BoldItalicMT'
02:14:47.748 [Thread-8] ERROR f.i.s.r.p.m.output.MavenErrorHandler - Dec 06, 2021 2:14:47 AM org.apache.pdfbox.pdmodel.font.PDType1Font <init>
02:14:47.750 [Thread-8] ERROR f.i.s.r.p.m.output.MavenErrorHandler - WARNING: Using fallback font LiberationSans for Helvetica-Bold
02:14:47.752 [Thread-8] ERROR f.i.s.r.p.m.output.MavenErrorHandler - Dec 06, 2021 2:14:47 AM org.apache.pdfbox.pdmodel.font.PDType1Font <init>
02:14:47.753 [Thread-8] ERROR f.i.s.r.p.m.output.MavenErrorHandler - WARNING: Using fallback font LiberationSans for Helvetica
02:14:48.021 [Thread-8] ERROR f.i.s.r.p.m.output.MavenErrorHandler - Dec 06, 2021 2:14:48 AM org.apache.pdfbox.pdmodel.font.PDType1Font <init>
02:14:48.027 [Thread-8] ERROR f.i.s.r.p.m.output.MavenErrorHandler - WARNING: Using fallback font LiberationSans for Helvetica-Bold
02:14:48.029 [Thread-8] ERROR f.i.s.r.p.m.output.MavenErrorHandler - Dec 06, 2021 2:14:48 AM org.apache.pdfbox.pdmodel.font.PDType1Font <init>
02:14:48.030 [Thread-8] ERROR f.i.s.r.p.m.output.MavenErrorHandler - WARNING: Using fallback font LiberationSans for Helvetica
02:14:48.089 [Thread-8] ERROR f.i.s.r.p.m.output.MavenErrorHandler - Dec 06, 2021 2:14:48 AM org.apache.pdfbox.pdmodel.font.PDTrueTypeFont <init>
02:14:48.090 [Thread-8] ERROR f.i.s.r.p.m.output.MavenErrorHandler - WARNING: Using fallback font 'LiberationSans' for 'Arial'
02:14:48.091 [Thread-8] ERROR f.i.s.r.p.m.output.MavenErrorHandler - Dec 06, 2021 2:14:48 AM org.apache.pdfbox.pdmodel.font.PDTrueTypeFont <init>
02:14:48.091 [Thread-8] ERROR f.i.s.r.p.m.output.MavenErrorHandler - WARNING: Using fallback font 'LiberationSans' for 'Arial,Bold'
02:14:48.915 [Thread-8] ERROR f.i.s.r.p.m.output.MavenErrorHandler - Dec 06, 2021 2:14:48 AM org.apache.pdfbox.pdmodel.font.PDTrueTypeFont <init>
02:14:48.916 [Thread-8] ERROR f.i.s.r.p.m.output.MavenErrorHandler - WARNING: Using fallback font 'LiberationSans' for 'ArialMT'
02:14:48.916 [Thread-8] ERROR f.i.s.r.p.m.output.MavenErrorHandler - Dec 06, 2021 2:14:48 AM org.apache.pdfbox.pdmodel.font.PDTrueTypeFont <init>
02:14:48.916 [Thread-8] ERROR f.i.s.r.p.m.output.MavenErrorHandler - WARNING: Using fallback font 'LiberationSans' for 'Arial-BoldMT'
02:14:49.349 [Thread-8] ERROR f.i.s.r.p.m.output.MavenErrorHandler - Dec 06, 2021 2:14:49 AM org.apache.pdfbox.pdmodel.font.PDTrueTypeFont <init>
02:14:49.349 [Thread-8] ERROR f.i.s.r.p.m.output.MavenErrorHandler - WARNING: Using fallback font 'LiberationSans' for 'ArialMT'
02:14:49.350 [Thread-8] ERROR f.i.s.r.p.m.output.MavenErrorHandler - Dec 06, 2021 2:14:49 AM org.apache.pdfbox.pdmodel.font.PDTrueTypeFont <init>
02:14:49.350 [Thread-8] ERROR f.i.s.r.p.m.output.MavenErrorHandler - WARNING: Using fallback font 'LiberationSans' for 'Arial-BoldMT'
02:14:51.625 [Thread-8] ERROR f.i.s.r.p.m.output.MavenErrorHandler - Dec 06, 2021 2:14:51 AM org.apache.pdfbox.pdmodel.font.PDType1Font <init>
02:14:51.626 [Thread-8] ERROR f.i.s.r.p.m.output.MavenErrorHandler - WARNING: Using fallback font LiberationSans for Times-Roman
02:14:51.633 [Thread-8] ERROR f.i.s.r.p.m.output.MavenErrorHandler - Dec 06, 2021 2:14:51 AM org.apache.pdfbox.pdmodel.font.PDType1Font <init>
02:14:51.633 [Thread-8] ERROR f.i.s.r.p.m.output.MavenErrorHandler - WARNING: Using fallback font LiberationSans for Helvetica-Oblique
02:14:52.206 [Thread-7] ERROR f.i.s.r.p.m.o.MavenFilterOutputHandler - [ERROR] Failures: 
02:14:52.207 [Thread-7] ERROR f.i.s.r.p.m.o.MavenFilterOutputHandler - [ERROR]   TestTableDetection.testDetectionOfTables:283 Table detection failed. Please see the error messages for more information.
02:14:52.207 [Thread-7] ERROR f.i.s.r.p.m.o.MavenFilterOutputHandler - [ERROR]   TestTableDetection.testDetectionOfTables:281 This test used to fail but now it passes! Hooray! Please update the test's JSON file accordingly.
02:14:52.207 [Thread-7] ERROR f.i.s.r.p.m.o.MavenFilterOutputHandler - [ERROR] Tests run: 210, Failures: 2, Errors: 0, Skipped: 2
02:14:52.230 [Thread-7] ERROR f.i.s.r.p.m.o.MavenFilterOutputHandler - [ERROR] Failed to execute goal org.apache.maven.plugins:maven-surefire-plugin:2.22.2:test (default-test) on project tabula: There are test failures.
02:14:52.230 [Thread-7] ERROR f.i.s.r.p.m.o.MavenFilterOutputHandler - [ERROR] 
02:14:52.231 [Thread-7] ERROR f.i.s.r.p.m.o.MavenFilterOutputHandler - [ERROR] Please refer to /root/workspace/tabulapdf-tabula-java-master-455_repo/target/surefire-reports for the individual test results.
02:14:52.233 [Thread-7] ERROR f.i.s.r.p.m.o.MavenFilterOutputHandler - [ERROR] Please refer to dump files (if any exist) [date].dump, [date]-jvmRun[N].dump and [date].dumpstream.
02:14:52.233 [Thread-7] ERROR f.i.s.r.p.m.o.MavenFilterOutputHandler - [ERROR] -> [Help 1]
02:14:52.290 [Thread-7] ERROR f.i.s.r.p.m.o.MavenFilterOutputHandler - [ERROR] 
02:14:52.292 [Thread-7] ERROR f.i.s.r.p.m.o.MavenFilterOutputHandler - [ERROR] Re-run Maven using the -X switch to enable full debug logging.
02:14:52.300 [Thread-7] ERROR f.i.s.r.p.m.o.MavenFilterOutputHandler - [ERROR] 
02:14:52.302 [Thread-7] ERROR f.i.s.r.p.m.o.MavenFilterOutputHandler - [ERROR] For more information about the errors and possible solutions, please read the following articles:
02:14:52.303 [Thread-7] ERROR f.i.s.r.p.m.o.MavenFilterOutputHandler - [ERROR] [Help 1] http://cwiki.apache.org/confluence/display/MAVEN/MojoFailureException
02:15:10.571 [main] INFO  f.i.s.r.p.s.paths.ComputeSourceDir - 1 source dir was found:
02:15:10.571 [main] INFO  f.i.s.r.p.s.paths.ComputeSourceDir - /root/workspace/tabulapdf-tabula-java-master-455_repo/src/main/java
02:15:11.019 [main] INFO  f.i.s.r.p.step.paths.ComputeTestDir - 1 test dir was found:
02:15:11.020 [main] INFO  f.i.s.r.p.step.paths.ComputeTestDir - /root/workspace/tabulapdf-tabula-java-master-455_repo/src/test/java
02:15:11.377 [main] INFO  f.i.s.r.p.s.g.GatherTestInformation - Get the following failing module path: /root/workspace/tabulapdf-tabula-java-master-455_repo
02:15:11.403 [main] INFO  f.i.s.r.p.s.g.GatherTestInformation - ---Test results---
02:15:11.404 [main] INFO  f.i.s.r.p.s.g.GatherTestInformation -    Total tests: 210
02:15:11.404 [main] INFO  f.i.s.r.p.s.g.GatherTestInformation -    Tests run: 208
02:15:11.404 [main] INFO  f.i.s.r.p.s.g.GatherTestInformation -    Tests passing: 206
02:15:11.404 [main] INFO  f.i.s.r.p.s.g.GatherTestInformation -    Failures: 2
02:15:11.404 [main] INFO  f.i.s.r.p.s.g.GatherTestInformation -    Errors: 0
02:15:11.405 [main] INFO  f.i.s.r.p.s.g.GatherTestInformation -    Skipped: 2
[0] INFO Flacoco - Running Flacoco...
[7981] WARN CoverageRunner - Test [Manual]TestMethod=technology.tabula.TestRectangle#testTransitiveComparison2 result was not reported by test-runner.
[7981] WARN CoverageRunner - Test [Manual]TestMethod=technology.tabula.TestRectangle#testWellDefinedComparison1 result was not reported by test-runner.
[7981] WARN CoverageRunner - Test [Manual]TestMethod=technology.tabula.TestTableDetection#testDetectionOfTables result was not reported by test-runner.
[18611] WARN CoverageRunner - Test [Manual]TestMethod=technology.tabula.TestRectangle#testTransitiveComparison2 result was not reported by test-runner.
[18611] WARN CoverageRunner - Test [Manual]TestMethod=technology.tabula.TestRectangle#testWellDefinedComparison1 result was not reported by test-runner.
[18611] WARN CoverageRunner - Test [Manual]TestMethod=technology.tabula.TestTableDetection#testDetectionOfTables result was not reported by test-runner.
[24955] INFO CoverageRunner - Tests found: 288
[24955] INFO CoverageRunner - Tests executed: 282
02:15:37.451 [main] INFO  fr.inria.jtravis.JTravis - GitHub ratelimit: Limit: 5000 Remaining: 4146 Reset hour: 00:12:34
02:15:39.181 [main] WARN  f.i.s.r.p.s.p.PushFaultLocalizationSuggestionsOnExternalRepository - Flacoco has found 163 suspicious lines, but none were matched to the diff
02:15:40.009 [main] INFO  f.i.s.r.p.s.f.FlacocoLocalization - 
02:15:40.386 [main] INFO  f.i.s.r.p.i.ProjectInspector - ----------------------------------------------------------------------
02:15:40.387 [main] INFO  f.i.s.r.p.i.ProjectInspector - PIPELINE EXECUTION SUMMARY
02:15:40.387 [main] INFO  f.i.s.r.p.i.ProjectInspector - ----------------------------------------------------------------------
02:15:40.387 [main] INFO  f.i.s.r.p.i.ProjectInspector - CloneCheckoutGitPullRequest..........................SUCCESS [   6 s ]
02:15:40.387 [main] INFO  f.i.s.r.p.i.ProjectInspector - BuildProject.........................................SUCCESS [  46 s ]
02:15:40.387 [main] INFO  f.i.s.r.p.i.ProjectInspector - TestProject..........................................SUCCESS [ 134 s ]
02:15:40.387 [main] INFO  f.i.s.r.p.i.ProjectInspector - ComputeClasspath.....................................SUCCESS [  18 s ]
02:15:40.387 [main] INFO  f.i.s.r.p.i.ProjectInspector - ComputeSourceDir.....................................SUCCESS [   0 s ]
02:15:40.387 [main] INFO  f.i.s.r.p.i.ProjectInspector - ComputeTestDir.......................................SUCCESS [   0 s ]
02:15:40.387 [main] INFO  f.i.s.r.p.i.ProjectInspector - GatherTestInformation................................SUCCESS [   0 s ]
02:15:40.387 [main] INFO  f.i.s.r.p.i.ProjectInspector - FlacocoLocalization..................................SUCCESS [  25 s ]
02:15:40.387 [main] INFO  f.i.s.r.p.i.ProjectInspector - PushFaultLocalizationSuggestionsOnExternalRepository.SUCCESS          
02:15:40.388 [main] INFO  f.i.s.r.p.i.ProjectInspector - ----------------------------------------------------------------------
02:15:40.388 [main] INFO  f.i.s.r.p.i.ProjectInspector - PIPELINE FINDING: TEST FAILURE
02:15:40.388 [main] INFO  f.i.s.r.p.i.ProjectInspector - ----------------------------------------------------------------------
02:15:40.388 [main] INFO  f.i.s.r.p.github.GithubMainProcess - Inspector is finished. The process will exit now.