Execute pipeline with following supplementary args: --smtpPort 25 --listenerMode NOOP --launcherMode FAULT_LOCALIZATION  --gitrepourl https://github.com/TheAlgorithms/Java --gitrepopullrequest 2867
java -cp /usr/local/openjdk-17/lib/tools.jar:repairnator-pipeline.jar -Dlogback.configurationFile=/root/logback.xml fr.inria.spirals.repairnator.pipeline.Launcher -d --runId null -o /var/log --ghOauth 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 --faultLocalization --flacocoThreshold 0.0 --flacocoTopK null --flacocoResultsRepository null --ghOauth  --smtpPort 25 --listenerMode NOOP --launcherMode FAULT_LOCALIZATION  --gitrepourl https://github.com/TheAlgorithms/Java --gitrepopullrequest 2867

10:05:23.639 [main] INFO  f.i.s.r.p.g.GithubInitSerializerEngines - Initialize file serializer engines.
10:05:23.642 [main] INFO  f.i.s.r.p.g.GithubInitSerializerEngines - MongoDB won't be used for serialization.
10:05:23.643 [main] INFO  f.i.s.r.p.github.GithubInitNotifiers - The email notifier engine won't be used.
10:05:23.671 [main] INFO  f.i.s.r.p.i.ProjectInspector - ----------------------------------------------------------------------
10:05:23.671 [main] INFO  f.i.s.r.p.i.ProjectInspector - PIPELINE STEPS
10:05:23.671 [main] INFO  f.i.s.r.p.i.ProjectInspector - ----------------------------------------------------------------------
10:05:23.671 [main] INFO  f.i.s.r.p.i.ProjectInspector - CloneCheckoutGitPullRequest
10:05:23.671 [main] INFO  f.i.s.r.p.i.ProjectInspector - BuildProject
10:05:23.671 [main] INFO  f.i.s.r.p.i.ProjectInspector - TestProject
10:05:23.671 [main] INFO  f.i.s.r.p.i.ProjectInspector - ComputeClasspath
10:05:23.671 [main] INFO  f.i.s.r.p.i.ProjectInspector - ComputeSourceDir
10:05:23.672 [main] INFO  f.i.s.r.p.i.ProjectInspector - ComputeTestDir
10:05:23.672 [main] INFO  f.i.s.r.p.i.ProjectInspector - GatherTestInformation
10:05:23.672 [main] INFO  f.i.s.r.p.i.ProjectInspector - FlacocoLocalization
10:05:23.672 [main] INFO  f.i.s.r.p.i.ProjectInspector - PushFaultLocalizationSuggestions
10:05:23.672 [main] INFO  f.i.s.r.p.s.CloneCheckoutGitPullRequest - Cloning repository https://github.com/TheAlgorithms/Java.git in the following directory: ./workspace/TheAlgorithms-Java-master-2867_repo
10:06:09.236 [main] ERROR f.i.s.r.p.s.paths.ComputeClasspath - The classpath file is empty.
10:06:09.237 [main] ERROR f.i.s.r.p.s.paths.ComputeClasspath - The classpath seems not to contain JUnit, maybe this project does not use JUnit for testing.
10:06:09.237 [main] ERROR f.i.s.r.p.s.paths.ComputeClasspath - The file does not exist: /root/./workspace/TheAlgorithms-Java-master-2867_repo/target/test-classes.
10:06:09.238 [main] INFO  f.i.s.r.p.s.paths.ComputeSourceDir - 1 source dir was found:
10:06:09.238 [main] INFO  f.i.s.r.p.s.paths.ComputeSourceDir - /root/workspace/TheAlgorithms-Java-master-2867_repo/src/main/java
10:06:09.312 [main] ERROR f.i.s.r.p.step.paths.ComputeTestDir - The test directory is not at default location or specified in build section from pom.xml, and no parent can be found.
10:06:09.313 [main] ERROR f.i.s.r.p.step.paths.ComputeTestDir - Fail to find test directories.
10:06:09.314 [main] INFO  f.i.s.r.p.step.paths.ComputeTestDir - 
10:06:09.585 [main] INFO  f.i.s.r.p.i.ProjectInspector - ----------------------------------------------------------------------
10:06:09.585 [main] INFO  f.i.s.r.p.i.ProjectInspector - PIPELINE EXECUTION SUMMARY
10:06:09.586 [main] INFO  f.i.s.r.p.i.ProjectInspector - ----------------------------------------------------------------------
10:06:09.586 [main] INFO  f.i.s.r.p.i.ProjectInspector - CloneCheckoutGitPullRequest...........................SUCCESS [  7 s ]
10:06:09.586 [main] INFO  f.i.s.r.p.i.ProjectInspector - BuildProject..........................................SUCCESS [ 16 s ]
10:06:09.586 [main] INFO  f.i.s.r.p.i.ProjectInspector - TestProject...........................................SUCCESS [ 14 s ]
10:06:09.586 [main] INFO  f.i.s.r.p.i.ProjectInspector - ComputeClasspath......................................SUCCESS [  8 s ]
10:06:09.586 [main] INFO  f.i.s.r.p.i.ProjectInspector - ComputeSourceDir......................................SUCCESS [  0 s ]
10:06:09.586 [main] INFO  f.i.s.r.p.i.ProjectInspector - ComputeTestDir........................................FAILURE [  0 s ]
10:06:09.587 [main] INFO  f.i.s.r.p.i.ProjectInspector - GatherTestInformation.................................NOT RUN         
10:06:09.587 [main] INFO  f.i.s.r.p.i.ProjectInspector - FlacocoLocalization...................................NOT RUN         
10:06:09.587 [main] INFO  f.i.s.r.p.i.ProjectInspector - PushFaultLocalizationSuggestions......................NOT RUN         
10:06:09.588 [main] INFO  f.i.s.r.p.i.ProjectInspector - ----------------------------------------------------------------------
10:06:09.588 [main] INFO  f.i.s.r.p.i.ProjectInspector - PIPELINE FINDING: TESTDIRNOTCOMPUTED
10:06:09.588 [main] INFO  f.i.s.r.p.i.ProjectInspector - ----------------------------------------------------------------------
10:06:09.588 [main] INFO  f.i.s.r.p.github.GithubMainProcess - Inspector is finished. The process will exit now.
