Execute pipeline with following supplementary args: --smtpPort 25 --listenerMode NOOP --launcherMode FAULT_LOCALIZATION  --gitrepourl https://github.com/TheAlgorithms/Java --gitrepopullrequest 2869
java -cp /usr/local/openjdk-17/lib/tools.jar:repairnator-pipeline.jar -Dlogback.configurationFile=/root/logback.xml fr.inria.spirals.repairnator.pipeline.Launcher -d --runId null -o /var/log --ghOauth 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 --faultLocalization --flacocoThreshold 0.0 --flacocoTopK null --flacocoResultsRepository null --ghOauth  --smtpPort 25 --listenerMode NOOP --launcherMode FAULT_LOCALIZATION  --gitrepourl https://github.com/TheAlgorithms/Java --gitrepopullrequest 2869

07:04:47.663 [main] INFO  f.i.s.r.p.g.GithubInitSerializerEngines - Initialize file serializer engines.
07:04:47.666 [main] INFO  f.i.s.r.p.g.GithubInitSerializerEngines - MongoDB won't be used for serialization.
07:04:47.667 [main] INFO  f.i.s.r.p.github.GithubInitNotifiers - The email notifier engine won't be used.
07:04:47.702 [main] INFO  f.i.s.r.p.i.ProjectInspector - ----------------------------------------------------------------------
07:04:47.702 [main] INFO  f.i.s.r.p.i.ProjectInspector - PIPELINE STEPS
07:04:47.702 [main] INFO  f.i.s.r.p.i.ProjectInspector - ----------------------------------------------------------------------
07:04:47.703 [main] INFO  f.i.s.r.p.i.ProjectInspector - CloneCheckoutGitPullRequest
07:04:47.703 [main] INFO  f.i.s.r.p.i.ProjectInspector - BuildProject
07:04:47.703 [main] INFO  f.i.s.r.p.i.ProjectInspector - TestProject
07:04:47.703 [main] INFO  f.i.s.r.p.i.ProjectInspector - ComputeClasspath
07:04:47.703 [main] INFO  f.i.s.r.p.i.ProjectInspector - ComputeSourceDir
07:04:47.704 [main] INFO  f.i.s.r.p.i.ProjectInspector - ComputeTestDir
07:04:47.704 [main] INFO  f.i.s.r.p.i.ProjectInspector - GatherTestInformation
07:04:47.704 [main] INFO  f.i.s.r.p.i.ProjectInspector - FlacocoLocalization
07:04:47.704 [main] INFO  f.i.s.r.p.i.ProjectInspector - PushFaultLocalizationSuggestions
07:04:47.704 [main] INFO  f.i.s.r.p.s.CloneCheckoutGitPullRequest - Cloning repository https://github.com/TheAlgorithms/Java.git in the following directory: ./workspace/TheAlgorithms-Java-master-2869_repo
07:06:24.463 [main] INFO  f.i.s.r.p.s.paths.ComputeSourceDir - 1 source dir was found:
07:06:24.464 [main] INFO  f.i.s.r.p.s.paths.ComputeSourceDir - /root/workspace/TheAlgorithms-Java-master-2869_repo/src/main/java
07:06:24.651 [main] INFO  f.i.s.r.p.step.paths.ComputeTestDir - 1 test dir was found:
07:06:24.651 [main] INFO  f.i.s.r.p.step.paths.ComputeTestDir - /root/workspace/TheAlgorithms-Java-master-2869_repo/src/test/java
07:06:24.788 [main] INFO  f.i.s.r.p.s.g.GatherTestInformation - ---Test results---
07:06:24.788 [main] INFO  f.i.s.r.p.s.g.GatherTestInformation -    Total tests: 26
07:06:24.788 [main] INFO  f.i.s.r.p.s.g.GatherTestInformation -    Tests run: 26
07:06:24.789 [main] INFO  f.i.s.r.p.s.g.GatherTestInformation -    Tests passing: 26
07:06:24.789 [main] INFO  f.i.s.r.p.s.g.GatherTestInformation -    Failures: 0
07:06:24.789 [main] INFO  f.i.s.r.p.s.g.GatherTestInformation -    Errors: 0
07:06:24.789 [main] INFO  f.i.s.r.p.s.g.GatherTestInformation -    Skipped: 0
07:06:24.790 [main] INFO  f.i.s.r.p.s.g.GatherTestInformation - 
07:06:25.141 [main] INFO  f.i.s.r.p.i.ProjectInspector - ----------------------------------------------------------------------
07:06:25.141 [main] INFO  f.i.s.r.p.i.ProjectInspector - PIPELINE EXECUTION SUMMARY
07:06:25.141 [main] INFO  f.i.s.r.p.i.ProjectInspector - ----------------------------------------------------------------------
07:06:25.141 [main] INFO  f.i.s.r.p.i.ProjectInspector - CloneCheckoutGitPullRequest...........................SUCCESS [  6 s ]
07:06:25.141 [main] INFO  f.i.s.r.p.i.ProjectInspector - BuildProject..........................................SUCCESS [ 57 s ]
07:06:25.142 [main] INFO  f.i.s.r.p.i.ProjectInspector - TestProject...........................................SUCCESS [ 22 s ]
07:06:25.142 [main] INFO  f.i.s.r.p.i.ProjectInspector - ComputeClasspath......................................SUCCESS [ 11 s ]
07:06:25.142 [main] INFO  f.i.s.r.p.i.ProjectInspector - ComputeSourceDir......................................SUCCESS [  0 s ]
07:06:25.142 [main] INFO  f.i.s.r.p.i.ProjectInspector - ComputeTestDir........................................SUCCESS [  0 s ]
07:06:25.142 [main] INFO  f.i.s.r.p.i.ProjectInspector - GatherTestInformation.................................FAILURE [  0 s ]
07:06:25.142 [main] INFO  f.i.s.r.p.i.ProjectInspector - FlacocoLocalization...................................NOT RUN         
07:06:25.142 [main] INFO  f.i.s.r.p.i.ProjectInspector - PushFaultLocalizationSuggestions......................NOT RUN         
07:06:25.143 [main] INFO  f.i.s.r.p.i.ProjectInspector - ----------------------------------------------------------------------
07:06:25.143 [main] INFO  f.i.s.r.p.i.ProjectInspector - PIPELINE FINDING: NOTFAILING
07:06:25.143 [main] INFO  f.i.s.r.p.i.ProjectInspector - ----------------------------------------------------------------------
07:06:25.144 [main] INFO  f.i.s.r.p.github.GithubMainProcess - Inspector is finished. The process will exit now.
