Execute pipeline with following supplementary args: --smtpPort 25 --listenerMode NOOP --launcherMode FAULT_LOCALIZATION  --gitrepourl https://github.com/tabulapdf/tabula-java --gitrepopullrequest 453
java -cp /usr/local/openjdk-11/lib/tools.jar:repairnator-pipeline.jar -Dlogback.configurationFile=/root/logback.xml fr.inria.spirals.repairnator.pipeline.Launcher -d --runId null -o /var/log --ghOauth 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 --faultLocalization --flacocoThreshold 0.0 --flacocoTopK null --flacocoResultsRepository flacocobot/flacocobot-experiment-3 --ghOauth  --smtpPort 25 --listenerMode NOOP --launcherMode FAULT_LOCALIZATION  --gitrepourl https://github.com/tabulapdf/tabula-java --gitrepopullrequest 453

02:11:46.163 [main] INFO  f.i.s.r.p.g.GithubInitSerializerEngines - Initialize file serializer engines.
02:11:46.165 [main] INFO  f.i.s.r.p.g.GithubInitSerializerEngines - MongoDB won't be used for serialization.
02:11:46.165 [main] INFO  f.i.s.r.p.github.GithubInitNotifiers - The email notifier engine won't be used.
02:11:46.184 [main] INFO  f.i.s.r.p.i.ProjectInspector - ----------------------------------------------------------------------
02:11:46.184 [main] INFO  f.i.s.r.p.i.ProjectInspector - PIPELINE STEPS
02:11:46.184 [main] INFO  f.i.s.r.p.i.ProjectInspector - ----------------------------------------------------------------------
02:11:46.184 [main] INFO  f.i.s.r.p.i.ProjectInspector - CloneCheckoutGitPullRequest
02:11:46.184 [main] INFO  f.i.s.r.p.i.ProjectInspector - BuildProject
02:11:46.184 [main] INFO  f.i.s.r.p.i.ProjectInspector - TestProject
02:11:46.184 [main] INFO  f.i.s.r.p.i.ProjectInspector - ComputeClasspath
02:11:46.184 [main] INFO  f.i.s.r.p.i.ProjectInspector - ComputeSourceDir
02:11:46.184 [main] INFO  f.i.s.r.p.i.ProjectInspector - ComputeTestDir
02:11:46.184 [main] INFO  f.i.s.r.p.i.ProjectInspector - GatherTestInformation
02:11:46.184 [main] INFO  f.i.s.r.p.i.ProjectInspector - FlacocoLocalization
02:11:46.184 [main] INFO  f.i.s.r.p.i.ProjectInspector - PushFaultLocalizationSuggestionsOnExternalRepository
02:11:46.185 [main] INFO  f.i.s.r.p.s.CloneCheckoutGitPullRequest - Cloning repository https://github.com/tabulapdf/tabula-java.git in the following directory: ./workspace/tabulapdf-tabula-java-master-453_repo
02:14:49.251 [Thread-7] ERROR f.i.s.r.p.m.o.MavenFilterOutputHandler - [ERROR] Tests run: 67, Failures: 2, Errors: 0, Skipped: 0, Time elapsed: 106.255 s <<< FAILURE! - in technology.tabula.TestTableDetection
02:14:49.263 [Thread-7] ERROR f.i.s.r.p.m.o.MavenFilterOutputHandler - [ERROR] testDetectionOfTables[22](technology.tabula.TestTableDetection)  Time elapsed: 0.922 s  <<< FAILURE!
02:14:49.263 [Thread-7] ERROR f.i.s.r.p.m.o.MavenFilterOutputHandler - [ERROR] testDetectionOfTables[62](technology.tabula.TestTableDetection)  Time elapsed: 0.348 s  <<< FAILURE!
02:14:49.727 [Thread-8] ERROR f.i.s.r.p.m.output.MavenErrorHandler - Dec 06, 2021 2:14:49 AM org.apache.pdfbox.pdmodel.font.PDTrueTypeFont <init>
02:14:49.727 [Thread-8] ERROR f.i.s.r.p.m.output.MavenErrorHandler - WARNING: Using fallback font 'LiberationSans' for 'Arial'
02:14:49.907 [Thread-8] ERROR f.i.s.r.p.m.output.MavenErrorHandler - Dec 06, 2021 2:14:49 AM org.apache.pdfbox.pdmodel.font.PDTrueTypeFont <init>
02:14:49.908 [Thread-8] ERROR f.i.s.r.p.m.output.MavenErrorHandler - WARNING: Using fallback font 'LiberationSans' for 'Arial'
02:14:50.220 [Thread-8] ERROR f.i.s.r.p.m.output.MavenErrorHandler - Dec 06, 2021 2:14:50 AM org.apache.pdfbox.pdmodel.font.PDTrueTypeFont <init>
02:14:50.221 [Thread-8] ERROR f.i.s.r.p.m.output.MavenErrorHandler - WARNING: Using fallback font 'LiberationSans' for 'Arial'
02:14:51.361 [Thread-8] ERROR f.i.s.r.p.m.output.MavenErrorHandler - Dec 06, 2021 2:14:51 AM org.apache.pdfbox.pdmodel.font.PDTrueTypeFont <init>
02:14:51.362 [Thread-8] ERROR f.i.s.r.p.m.output.MavenErrorHandler - WARNING: Using fallback font 'LiberationSans' for 'Arial'
02:14:51.363 [Thread-8] ERROR f.i.s.r.p.m.output.MavenErrorHandler - Dec 06, 2021 2:14:51 AM org.apache.pdfbox.pdmodel.font.PDTrueTypeFont <init>
02:14:51.363 [Thread-8] ERROR f.i.s.r.p.m.output.MavenErrorHandler - WARNING: Using fallback font 'LiberationSans' for 'Arial,Bold'
02:14:51.364 [Thread-8] ERROR f.i.s.r.p.m.output.MavenErrorHandler - Dec 06, 2021 2:14:51 AM org.apache.pdfbox.pdmodel.font.PDTrueTypeFont <init>
02:14:51.364 [Thread-8] ERROR f.i.s.r.p.m.output.MavenErrorHandler - WARNING: Using fallback font 'LiberationSans' for 'Arial,Italic'
02:14:51.366 [Thread-8] ERROR f.i.s.r.p.m.output.MavenErrorHandler - Dec 06, 2021 2:14:51 AM org.apache.pdfbox.pdmodel.font.PDTrueTypeFont <init>
02:14:51.367 [Thread-8] ERROR f.i.s.r.p.m.output.MavenErrorHandler - WARNING: Using fallback font 'LiberationSans' for 'TimesNewRoman'
02:14:51.502 [Thread-8] ERROR f.i.s.r.p.m.output.MavenErrorHandler - Dec 06, 2021 2:14:51 AM org.apache.pdfbox.pdmodel.graphics.color.PDICCBased ensureDisplayProfile
02:14:51.504 [Thread-8] ERROR f.i.s.r.p.m.output.MavenErrorHandler - WARNING: ICC profile is Perceptual, ignoring, treating as Display class
02:14:51.629 [Thread-8] ERROR f.i.s.r.p.m.output.MavenErrorHandler - Dec 06, 2021 2:14:51 AM org.apache.pdfbox.pdmodel.font.PDTrueTypeFont <init>
02:14:51.629 [Thread-8] ERROR f.i.s.r.p.m.output.MavenErrorHandler - WARNING: Using fallback font 'LiberationSans' for 'Arial-BoldMT'
02:14:51.631 [Thread-8] ERROR f.i.s.r.p.m.output.MavenErrorHandler - Dec 06, 2021 2:14:51 AM org.apache.pdfbox.pdmodel.font.PDTrueTypeFont <init>
02:14:51.631 [Thread-8] ERROR f.i.s.r.p.m.output.MavenErrorHandler - WARNING: Using fallback font 'LiberationSans' for 'Tahoma-Bold'
02:14:51.632 [Thread-8] ERROR f.i.s.r.p.m.output.MavenErrorHandler - Dec 06, 2021 2:14:51 AM org.apache.pdfbox.pdmodel.font.PDTrueTypeFont <init>
02:14:51.634 [Thread-8] ERROR f.i.s.r.p.m.output.MavenErrorHandler - WARNING: Using fallback font 'LiberationSans' for 'ArialMT'
02:14:51.640 [Thread-8] ERROR f.i.s.r.p.m.output.MavenErrorHandler - Dec 06, 2021 2:14:51 AM org.apache.pdfbox.pdmodel.font.PDTrueTypeFont <init>
02:14:51.641 [Thread-8] ERROR f.i.s.r.p.m.output.MavenErrorHandler - WARNING: Using fallback font 'LiberationSans' for 'Tahoma'
02:14:51.673 [Thread-8] ERROR f.i.s.r.p.m.output.MavenErrorHandler - Dec 06, 2021 2:14:51 AM org.apache.pdfbox.pdmodel.font.PDTrueTypeFont <init>
02:14:51.674 [Thread-8] ERROR f.i.s.r.p.m.output.MavenErrorHandler - WARNING: Using fallback font 'LiberationSans' for 'TimesNewRomanPS-BoldItalicMT'
02:14:51.676 [Thread-8] ERROR f.i.s.r.p.m.output.MavenErrorHandler - Dec 06, 2021 2:14:51 AM org.apache.pdfbox.pdmodel.font.PDTrueTypeFont <init>
02:14:51.677 [Thread-8] ERROR f.i.s.r.p.m.output.MavenErrorHandler - WARNING: Using fallback font 'LiberationSans' for 'ArialNarrow-Bold'
02:14:51.679 [Thread-8] ERROR f.i.s.r.p.m.output.MavenErrorHandler - Dec 06, 2021 2:14:51 AM org.apache.pdfbox.pdmodel.font.PDTrueTypeFont <init>
02:14:51.680 [Thread-8] ERROR f.i.s.r.p.m.output.MavenErrorHandler - WARNING: Using fallback font 'LiberationSans' for 'Arial-ItalicMT'
02:14:51.911 [Thread-8] ERROR f.i.s.r.p.m.output.MavenErrorHandler - Dec 06, 2021 2:14:51 AM org.apache.pdfbox.pdmodel.font.PDTrueTypeFont <init>
02:14:51.923 [Thread-8] ERROR f.i.s.r.p.m.output.MavenErrorHandler - WARNING: Using fallback font 'LiberationSans' for 'ArialMT'
02:14:51.986 [Thread-8] ERROR f.i.s.r.p.m.output.MavenErrorHandler - Dec 06, 2021 2:14:51 AM org.apache.pdfbox.pdmodel.font.PDTrueTypeFont <init>
02:14:51.987 [Thread-8] ERROR f.i.s.r.p.m.output.MavenErrorHandler - WARNING: Using fallback font 'LiberationSans' for 'Arial-BoldMT'
02:14:51.988 [Thread-8] ERROR f.i.s.r.p.m.output.MavenErrorHandler - Dec 06, 2021 2:14:51 AM org.apache.pdfbox.pdmodel.font.PDTrueTypeFont <init>
02:14:51.989 [Thread-8] ERROR f.i.s.r.p.m.output.MavenErrorHandler - WARNING: Using fallback font 'LiberationSans' for 'Tahoma'
02:14:52.233 [Thread-8] ERROR f.i.s.r.p.m.output.MavenErrorHandler - Dec 06, 2021 2:14:52 AM org.apache.pdfbox.pdmodel.font.PDFont loadUnicodeCmap
02:14:52.233 [Thread-8] ERROR f.i.s.r.p.m.output.MavenErrorHandler - WARNING: Invalid ToUnicode CMap in font GYAOBI+TimesNewRomanPSMT
02:14:52.234 [Thread-8] ERROR f.i.s.r.p.m.output.MavenErrorHandler - Dec 06, 2021 2:14:52 AM org.apache.pdfbox.pdmodel.font.PDFont loadUnicodeCmap
02:14:52.234 [Thread-8] ERROR f.i.s.r.p.m.output.MavenErrorHandler - WARNING: Using predefined identity CMap instead
02:14:53.180 [Thread-8] ERROR f.i.s.r.p.m.output.MavenErrorHandler - Dec 06, 2021 2:14:53 AM org.apache.pdfbox.cos.COSDocument finalize
02:14:53.181 [Thread-8] ERROR f.i.s.r.p.m.output.MavenErrorHandler - WARNING: Warning: You did not close a PDF Document
02:14:54.142 [Thread-8] ERROR f.i.s.r.p.m.output.MavenErrorHandler - Dec 06, 2021 2:14:54 AM org.apache.pdfbox.pdmodel.font.PDType1Font <init>
02:14:54.147 [Thread-8] ERROR f.i.s.r.p.m.output.MavenErrorHandler - WARNING: Using fallback font LiberationSans for Times-Bold
02:14:54.148 [Thread-8] ERROR f.i.s.r.p.m.output.MavenErrorHandler - Dec 06, 2021 2:14:54 AM org.apache.pdfbox.pdmodel.font.PDType1Font <init>
02:14:54.150 [Thread-8] ERROR f.i.s.r.p.m.output.MavenErrorHandler - WARNING: Using fallback font LiberationSans for Times-Roman
02:14:54.386 [Thread-8] ERROR f.i.s.r.p.m.output.MavenErrorHandler - Dec 06, 2021 2:14:54 AM org.apache.pdfbox.pdmodel.font.PDTrueTypeFont <init>
02:14:54.391 [Thread-8] ERROR f.i.s.r.p.m.output.MavenErrorHandler - WARNING: Using fallback font 'LiberationSans' for 'Arial'
02:14:54.393 [Thread-8] ERROR f.i.s.r.p.m.output.MavenErrorHandler - Dec 06, 2021 2:14:54 AM org.apache.pdfbox.pdmodel.font.PDTrueTypeFont <init>
02:14:54.393 [Thread-8] ERROR f.i.s.r.p.m.output.MavenErrorHandler - WARNING: Using fallback font 'LiberationSans' for 'Arial,Bold'
02:14:54.821 [Thread-8] ERROR f.i.s.r.p.m.output.MavenErrorHandler - Dec 06, 2021 2:14:54 AM org.apache.pdfbox.pdmodel.font.PDType1Font <init>
02:14:54.821 [Thread-8] ERROR f.i.s.r.p.m.output.MavenErrorHandler - WARNING: Using fallback font LiberationSans for Courier
02:14:54.822 [Thread-8] ERROR f.i.s.r.p.m.output.MavenErrorHandler - Dec 06, 2021 2:14:54 AM org.apache.pdfbox.pdmodel.font.PDType1Font <init>
02:14:54.823 [Thread-8] ERROR f.i.s.r.p.m.output.MavenErrorHandler - WARNING: Using fallback font LiberationSans for Times-Bold
02:14:54.823 [Thread-8] ERROR f.i.s.r.p.m.output.MavenErrorHandler - Dec 06, 2021 2:14:54 AM org.apache.pdfbox.pdmodel.font.PDType1Font <init>
02:14:54.823 [Thread-8] ERROR f.i.s.r.p.m.output.MavenErrorHandler - WARNING: Using fallback font LiberationSans for Times-Roman
02:14:54.823 [Thread-8] ERROR f.i.s.r.p.m.output.MavenErrorHandler - Dec 06, 2021 2:14:54 AM org.apache.pdfbox.pdmodel.font.PDTrueTypeFont <init>
02:14:54.824 [Thread-8] ERROR f.i.s.r.p.m.output.MavenErrorHandler - WARNING: Using fallback font 'LiberationSans' for 'LetterGothic12Pt-Bold'
02:14:54.825 [Thread-8] ERROR f.i.s.r.p.m.output.MavenErrorHandler - Dec 06, 2021 2:14:54 AM org.apache.pdfbox.pdmodel.font.PDTrueTypeFont <init>
02:14:54.825 [Thread-8] ERROR f.i.s.r.p.m.output.MavenErrorHandler - WARNING: Using fallback font 'LiberationSans' for 'LetterGothic12Pt'
02:14:55.438 [Thread-8] ERROR f.i.s.r.p.m.output.MavenErrorHandler - Dec 06, 2021 2:14:55 AM org.apache.pdfbox.pdmodel.font.PDTrueTypeFont <init>
02:14:55.441 [Thread-8] ERROR f.i.s.r.p.m.output.MavenErrorHandler - WARNING: Using fallback font 'LiberationSans' for 'CenturyGothic'
02:14:55.443 [Thread-8] ERROR f.i.s.r.p.m.output.MavenErrorHandler - Dec 06, 2021 2:14:55 AM org.apache.pdfbox.pdmodel.font.PDTrueTypeFont <init>
02:14:55.443 [Thread-8] ERROR f.i.s.r.p.m.output.MavenErrorHandler - WARNING: Using fallback font 'LiberationSans' for 'CenturyGothic-Bold'
02:14:55.444 [Thread-8] ERROR f.i.s.r.p.m.output.MavenErrorHandler - Dec 06, 2021 2:14:55 AM org.apache.pdfbox.pdmodel.font.PDTrueTypeFont <init>
02:14:55.445 [Thread-8] ERROR f.i.s.r.p.m.output.MavenErrorHandler - WARNING: Using fallback font 'LiberationSans' for 'Arial-BoldMT'
02:14:55.452 [Thread-8] ERROR f.i.s.r.p.m.output.MavenErrorHandler - Dec 06, 2021 2:14:55 AM org.apache.pdfbox.pdmodel.font.PDTrueTypeFont <init>
02:14:55.453 [Thread-8] ERROR f.i.s.r.p.m.output.MavenErrorHandler - WARNING: Using fallback font 'LiberationSans' for 'CourierNewPSMT'
02:14:55.454 [Thread-8] ERROR f.i.s.r.p.m.output.MavenErrorHandler - Dec 06, 2021 2:14:55 AM org.apache.pdfbox.pdmodel.font.PDTrueTypeFont <init>
02:14:55.454 [Thread-8] ERROR f.i.s.r.p.m.output.MavenErrorHandler - WARNING: Using fallback font 'LiberationSans' for 'ArialMT'
02:14:55.456 [Thread-8] ERROR f.i.s.r.p.m.output.MavenErrorHandler - Dec 06, 2021 2:14:55 AM org.apache.pdfbox.pdmodel.font.PDTrueTypeFont <init>
02:14:55.456 [Thread-8] ERROR f.i.s.r.p.m.output.MavenErrorHandler - WARNING: Using fallback font 'LiberationSans' for 'Verdana-Bold'
02:14:55.470 [Thread-8] ERROR f.i.s.r.p.m.output.MavenErrorHandler - Dec 06, 2021 2:14:55 AM org.apache.pdfbox.pdmodel.font.PDTrueTypeFont <init>
02:14:55.470 [Thread-8] ERROR f.i.s.r.p.m.output.MavenErrorHandler - WARNING: Using fallback font 'LiberationSans' for 'Arial-BoldItalicMT'
02:14:56.065 [Thread-8] ERROR f.i.s.r.p.m.output.MavenErrorHandler - Dec 06, 2021 2:14:56 AM org.apache.pdfbox.pdmodel.font.PDType1Font <init>
02:14:56.071 [Thread-8] ERROR f.i.s.r.p.m.output.MavenErrorHandler - WARNING: Using fallback font LiberationSans for Helvetica-Bold
02:14:56.072 [Thread-8] ERROR f.i.s.r.p.m.output.MavenErrorHandler - Dec 06, 2021 2:14:56 AM org.apache.pdfbox.pdmodel.font.PDType1Font <init>
02:14:56.072 [Thread-8] ERROR f.i.s.r.p.m.output.MavenErrorHandler - WARNING: Using fallback font LiberationSans for Helvetica
02:14:56.508 [Thread-8] ERROR f.i.s.r.p.m.output.MavenErrorHandler - Dec 06, 2021 2:14:56 AM org.apache.pdfbox.pdmodel.font.PDType1Font <init>
02:14:56.509 [Thread-8] ERROR f.i.s.r.p.m.output.MavenErrorHandler - WARNING: Using fallback font LiberationSans for Helvetica-Bold
02:14:56.526 [Thread-8] ERROR f.i.s.r.p.m.output.MavenErrorHandler - Dec 06, 2021 2:14:56 AM org.apache.pdfbox.pdmodel.font.PDType1Font <init>
02:14:56.527 [Thread-8] ERROR f.i.s.r.p.m.output.MavenErrorHandler - WARNING: Using fallback font LiberationSans for Helvetica
02:14:56.573 [Thread-8] ERROR f.i.s.r.p.m.output.MavenErrorHandler - Dec 06, 2021 2:14:56 AM org.apache.pdfbox.pdmodel.font.PDTrueTypeFont <init>
02:14:56.573 [Thread-8] ERROR f.i.s.r.p.m.output.MavenErrorHandler - WARNING: Using fallback font 'LiberationSans' for 'Arial'
02:14:56.574 [Thread-8] ERROR f.i.s.r.p.m.output.MavenErrorHandler - Dec 06, 2021 2:14:56 AM org.apache.pdfbox.pdmodel.font.PDTrueTypeFont <init>
02:14:56.575 [Thread-8] ERROR f.i.s.r.p.m.output.MavenErrorHandler - WARNING: Using fallback font 'LiberationSans' for 'Arial,Bold'
02:14:57.578 [Thread-8] ERROR f.i.s.r.p.m.output.MavenErrorHandler - Dec 06, 2021 2:14:57 AM org.apache.pdfbox.pdmodel.font.PDTrueTypeFont <init>
02:14:57.583 [Thread-8] ERROR f.i.s.r.p.m.output.MavenErrorHandler - WARNING: Using fallback font 'LiberationSans' for 'ArialMT'
02:14:57.583 [Thread-8] ERROR f.i.s.r.p.m.output.MavenErrorHandler - Dec 06, 2021 2:14:57 AM org.apache.pdfbox.pdmodel.font.PDTrueTypeFont <init>
02:14:57.583 [Thread-8] ERROR f.i.s.r.p.m.output.MavenErrorHandler - WARNING: Using fallback font 'LiberationSans' for 'Arial-BoldMT'
02:14:58.158 [Thread-8] ERROR f.i.s.r.p.m.output.MavenErrorHandler - Dec 06, 2021 2:14:58 AM org.apache.pdfbox.pdmodel.font.PDTrueTypeFont <init>
02:14:58.159 [Thread-8] ERROR f.i.s.r.p.m.output.MavenErrorHandler - WARNING: Using fallback font 'LiberationSans' for 'ArialMT'
02:14:58.160 [Thread-8] ERROR f.i.s.r.p.m.output.MavenErrorHandler - Dec 06, 2021 2:14:58 AM org.apache.pdfbox.pdmodel.font.PDTrueTypeFont <init>
02:14:58.171 [Thread-8] ERROR f.i.s.r.p.m.output.MavenErrorHandler - WARNING: Using fallback font 'LiberationSans' for 'Arial-BoldMT'
02:15:01.436 [Thread-8] ERROR f.i.s.r.p.m.output.MavenErrorHandler - Dec 06, 2021 2:15:01 AM org.apache.pdfbox.pdmodel.font.PDType1Font <init>
02:15:01.439 [Thread-8] ERROR f.i.s.r.p.m.output.MavenErrorHandler - WARNING: Using fallback font LiberationSans for Times-Roman
02:15:01.439 [Thread-8] ERROR f.i.s.r.p.m.output.MavenErrorHandler - Dec 06, 2021 2:15:01 AM org.apache.pdfbox.pdmodel.font.PDType1Font <init>
02:15:01.439 [Thread-8] ERROR f.i.s.r.p.m.output.MavenErrorHandler - WARNING: Using fallback font LiberationSans for Helvetica-Oblique
02:15:02.020 [Thread-7] ERROR f.i.s.r.p.m.o.MavenFilterOutputHandler - [ERROR] Failures: 
02:15:02.020 [Thread-7] ERROR f.i.s.r.p.m.o.MavenFilterOutputHandler - [ERROR]   TestTableDetection.testDetectionOfTables:283 Table detection failed. Please see the error messages for more information.
02:15:02.020 [Thread-7] ERROR f.i.s.r.p.m.o.MavenFilterOutputHandler - [ERROR]   TestTableDetection.testDetectionOfTables:281 This test used to fail but now it passes! Hooray! Please update the test's JSON file accordingly.
02:15:02.020 [Thread-7] ERROR f.i.s.r.p.m.o.MavenFilterOutputHandler - [ERROR] Tests run: 210, Failures: 2, Errors: 0, Skipped: 2
02:15:02.037 [Thread-7] ERROR f.i.s.r.p.m.o.MavenFilterOutputHandler - [ERROR] Failed to execute goal org.apache.maven.plugins:maven-surefire-plugin:2.22.2:test (default-test) on project tabula: There are test failures.
02:15:02.043 [Thread-7] ERROR f.i.s.r.p.m.o.MavenFilterOutputHandler - [ERROR] 
02:15:02.045 [Thread-7] ERROR f.i.s.r.p.m.o.MavenFilterOutputHandler - [ERROR] Please refer to /root/workspace/tabulapdf-tabula-java-master-453_repo/target/surefire-reports for the individual test results.
02:15:02.046 [Thread-7] ERROR f.i.s.r.p.m.o.MavenFilterOutputHandler - [ERROR] Please refer to dump files (if any exist) [date].dump, [date]-jvmRun[N].dump and [date].dumpstream.
02:15:02.047 [Thread-7] ERROR f.i.s.r.p.m.o.MavenFilterOutputHandler - [ERROR] -> [Help 1]
02:15:02.100 [Thread-7] ERROR f.i.s.r.p.m.o.MavenFilterOutputHandler - [ERROR] 
02:15:02.102 [Thread-7] ERROR f.i.s.r.p.m.o.MavenFilterOutputHandler - [ERROR] Re-run Maven using the -X switch to enable full debug logging.
02:15:02.110 [Thread-7] ERROR f.i.s.r.p.m.o.MavenFilterOutputHandler - [ERROR] 
02:15:02.111 [Thread-7] ERROR f.i.s.r.p.m.o.MavenFilterOutputHandler - [ERROR] For more information about the errors and possible solutions, please read the following articles:
02:15:02.113 [Thread-7] ERROR f.i.s.r.p.m.o.MavenFilterOutputHandler - [ERROR] [Help 1] http://cwiki.apache.org/confluence/display/MAVEN/MojoFailureException
02:15:22.151 [main] INFO  f.i.s.r.p.s.paths.ComputeSourceDir - 1 source dir was found:
02:15:22.151 [main] INFO  f.i.s.r.p.s.paths.ComputeSourceDir - /root/workspace/tabulapdf-tabula-java-master-453_repo/src/main/java
02:15:22.306 [main] INFO  f.i.s.r.p.step.paths.ComputeTestDir - 1 test dir was found:
02:15:22.306 [main] INFO  f.i.s.r.p.step.paths.ComputeTestDir - /root/workspace/tabulapdf-tabula-java-master-453_repo/src/test/java
02:15:22.623 [main] INFO  f.i.s.r.p.s.g.GatherTestInformation - Get the following failing module path: /root/workspace/tabulapdf-tabula-java-master-453_repo
02:15:22.625 [main] INFO  f.i.s.r.p.s.g.GatherTestInformation - ---Test results---
02:15:22.625 [main] INFO  f.i.s.r.p.s.g.GatherTestInformation -    Total tests: 210
02:15:22.625 [main] INFO  f.i.s.r.p.s.g.GatherTestInformation -    Tests run: 208
02:15:22.625 [main] INFO  f.i.s.r.p.s.g.GatherTestInformation -    Tests passing: 206
02:15:22.625 [main] INFO  f.i.s.r.p.s.g.GatherTestInformation -    Failures: 2
02:15:22.625 [main] INFO  f.i.s.r.p.s.g.GatherTestInformation -    Errors: 0
02:15:22.626 [main] INFO  f.i.s.r.p.s.g.GatherTestInformation -    Skipped: 2
[0] INFO Flacoco - Running Flacoco...
[7433] WARN CoverageRunner - Test [Manual]TestMethod=technology.tabula.TestRectangle#testTransitiveComparison2 result was not reported by test-runner.
[7433] WARN CoverageRunner - Test [Manual]TestMethod=technology.tabula.TestRectangle#testWellDefinedComparison1 result was not reported by test-runner.
[7433] WARN CoverageRunner - Test [Manual]TestMethod=technology.tabula.TestTableDetection#testDetectionOfTables result was not reported by test-runner.
[18584] WARN CoverageRunner - Test [Manual]TestMethod=technology.tabula.TestRectangle#testTransitiveComparison2 result was not reported by test-runner.
[18584] WARN CoverageRunner - Test [Manual]TestMethod=technology.tabula.TestRectangle#testWellDefinedComparison1 result was not reported by test-runner.
[18584] WARN CoverageRunner - Test [Manual]TestMethod=technology.tabula.TestTableDetection#testDetectionOfTables result was not reported by test-runner.
[24837] INFO CoverageRunner - Tests found: 288
[24837] INFO CoverageRunner - Tests executed: 282
02:15:48.320 [main] INFO  fr.inria.jtravis.JTravis - GitHub ratelimit: Limit: 5000 Remaining: 4136 Reset hour: 00:12:34
02:15:49.704 [main] WARN  f.i.s.r.p.s.p.PushFaultLocalizationSuggestionsOnExternalRepository - Flacoco has found 163 suspicious lines, but none were matched to the diff
02:15:50.561 [main] INFO  f.i.s.r.p.s.f.FlacocoLocalization - 
02:15:50.893 [main] INFO  f.i.s.r.p.i.ProjectInspector - ----------------------------------------------------------------------
02:15:50.893 [main] INFO  f.i.s.r.p.i.ProjectInspector - PIPELINE EXECUTION SUMMARY
02:15:50.894 [main] INFO  f.i.s.r.p.i.ProjectInspector - ----------------------------------------------------------------------
02:15:50.895 [main] INFO  f.i.s.r.p.i.ProjectInspector - CloneCheckoutGitPullRequest..........................SUCCESS [   7 s ]
02:15:50.895 [main] INFO  f.i.s.r.p.i.ProjectInspector - BuildProject.........................................SUCCESS [  49 s ]
02:15:50.895 [main] INFO  f.i.s.r.p.i.ProjectInspector - TestProject..........................................SUCCESS [ 140 s ]
02:15:50.895 [main] INFO  f.i.s.r.p.i.ProjectInspector - ComputeClasspath.....................................SUCCESS [  19 s ]
02:15:50.895 [main] INFO  f.i.s.r.p.i.ProjectInspector - ComputeSourceDir.....................................SUCCESS [   0 s ]
02:15:50.895 [main] INFO  f.i.s.r.p.i.ProjectInspector - ComputeTestDir.......................................SUCCESS [   0 s ]
02:15:50.895 [main] INFO  f.i.s.r.p.i.ProjectInspector - GatherTestInformation................................SUCCESS [   0 s ]
02:15:50.896 [main] INFO  f.i.s.r.p.i.ProjectInspector - FlacocoLocalization..................................SUCCESS [  25 s ]
02:15:50.896 [main] INFO  f.i.s.r.p.i.ProjectInspector - PushFaultLocalizationSuggestionsOnExternalRepository.SUCCESS          
02:15:50.896 [main] INFO  f.i.s.r.p.i.ProjectInspector - ----------------------------------------------------------------------
02:15:50.896 [main] INFO  f.i.s.r.p.i.ProjectInspector - PIPELINE FINDING: TEST FAILURE
02:15:50.896 [main] INFO  f.i.s.r.p.i.ProjectInspector - ----------------------------------------------------------------------
02:15:50.896 [main] INFO  f.i.s.r.p.github.GithubMainProcess - Inspector is finished. The process will exit now.